0 info it worked if it ends with ok
1 verbose cli [ 'C:\\Program Files\\nodejs\\node.exe',
1 verbose cli   'C:\\Program Files\\nodejs\\node_modules\\npm\\bin\\npm-cli.js',
1 verbose cli   'install',
1 verbose cli   '-g',
1 verbose cli   'ionic' ]
2 info using npm@2.15.5
3 info using node@v4.4.5
4 verbose install initial load of C:\Program Files\nodejs\package.json
5 verbose readDependencies loading dependencies from C:\Program Files\nodejs\package.json
6 silly cache add args [ 'ionic', null ]
7 verbose cache add spec ionic
8 silly cache add parsed spec Result {
8 silly cache add   raw: 'ionic',
8 silly cache add   scope: null,
8 silly cache add   name: null,
8 silly cache add   rawSpec: 'ionic',
8 silly cache add   spec: 'C:\\Program Files\\nodejs\\ionic',
8 silly cache add   type: 'local' }
9 silly addLocalTarball shasum (computed) 632b46c13f386958af7fce96c6d66113bbef4d73
10 verbose addTmpTarball C:\Program Files\nodejs\ionic not in flight; adding
11 verbose correctMkdir C:\Users\Colin\AppData\Roaming\npm-cache correctMkdir not in flight; initializing
12 verbose addTmpTarball validating metadata from C:\Program Files\nodejs\ionic
13 verbose tar unpack C:\Program Files\nodejs\ionic
14 verbose tar unpacking to C:\Users\Colin\AppData\Local\Temp\npm-9108-ff855852\unpack-52ea914b6ace
15 silly gentlyRm C:\Users\Colin\AppData\Local\Temp\npm-9108-ff855852\unpack-52ea914b6ace is being purged
16 verbose gentlyRm don't care about contents; nuking C:\Users\Colin\AppData\Local\Temp\npm-9108-ff855852\unpack-52ea914b6ace
17 silly gunzTarPerm modes [ '777', '666' ]
18 error not a package C:\Program Files\nodejs\ionic
19 error addLocal Could not install C:\Program Files\nodejs\ionic
20 verbose stack Error: ENOENT: no such file or directory, open 'C:\Users\Colin\AppData\Local\Temp\npm-9108-ff855852\unpack-52ea914b6ace\package.json'
20 verbose stack     at Error (native)
21 verbose cwd C:\Users\Colin\Documents\GitProjects\CPSC499\GetLost
22 error Windows_NT 10.0.10586
23 error argv "C:\\Program Files\\nodejs\\node.exe" "C:\\Program Files\\nodejs\\node_modules\\npm\\bin\\npm-cli.js" "install" "-g" "ionic"
24 error node v4.4.5
25 error npm  v2.15.5
26 error path C:\Users\Colin\AppData\Local\Temp\npm-9108-ff855852\unpack-52ea914b6ace\package.json
27 error code ENOENT
28 error errno -4058
29 error syscall open
30 error enoent ENOENT: no such file or directory, open 'C:\Users\Colin\AppData\Local\Temp\npm-9108-ff855852\unpack-52ea914b6ace\package.json'
30 error enoent This is most likely not a problem with npm itself
30 error enoent and is related to npm not being able to find a file.
31 verbose exit [ -4058, true ]
